2021-12-10 14:58:13,255 INFO org.hibernate.annotations.common.reflection.java.JavaReflectionManager [restartedMain] HCANN000001: Hibernate Commons Annotations {5.1.2.Final}
2021-12-10 14:58:13,492 INFO com.zaxxer.hikari.HikariDataSource [restartedMain] HikariPool-1 - Starting...
2021-12-10 14:58:13,911 INFO com.zaxxer.hikari.HikariDataSource [restartedMain] HikariPool-1 - Start completed.
2021-12-10 14:58:13,980 INFO org.hibernate.dialect.Dialect [restartedMain] HHH000400: Using dialect: org.hibernate.dialect.PostgreSQL10Dialect
2021-12-10 14:58:24,447 INFO org.hibernate.engine.transaction.jta.platform.internal.JtaPlatformInitiator [restartedMain] HHH000490: Using JtaPlatform implementation: [org.hibernate.engine.transaction.jta.platform.internal.NoJtaPlatform]
2021-12-10 14:58:24,467 INFO org.springframework.orm.jpa.AbstractEntityManagerFactoryBean [restartedMain] Initialized JPA EntityManagerFactory for persistence unit 'default'
2021-12-10 14:58:25,858 WARN org.springframework.boot.autoconfigure.orm.jpa.JpaBaseConfiguration$JpaWebConfiguration [restartedMain] spring.jpa.open-in-view is enabled by default. Therefore, database queries may be performed during view rendering. Explicitly configure spring.jpa.open-in-view to disable this warning
2021-12-10 14:58:26,287 WARN org.springframework.boot.devtools.autoconfigure.OptionalLiveReloadServer [restartedMain] Unable to start LiveReload server
2021-12-10 14:58:26,661 INFO org.apache.juli.logging.DirectJDKLog [restartedMain] Starting ProtocolHandler ["http-nio-9081"]
2021-12-10 14:58:26,711 INFO org.springframework.boot.web.embedded.tomcat.TomcatWebServer [restartedMain] Tomcat started on port(s): 9081 (http) with context path ''
2021-12-10 14:58:27,288 INFO org.springframework.boot.StartupInfoLogger [restartedMain] Started UniversidadesRestApplication in 23.321 seconds (JVM running for 25.818)
2021-12-10 14:59:07,034 INFO org.apache.juli.logging.DirectJDKLog [http-nio-9081-exec-2] Initializing Spring DispatcherServlet 'dispatcherServlet'
2021-12-10 14:59:07,035 INFO org.springframework.web.servlet.FrameworkServlet [http-nio-9081-exec-2] Initializing Servlet 'dispatcherServlet'
2021-12-10 14:59:07,038 INFO org.springframework.web.servlet.FrameworkServlet [http-nio-9081-exec-2] Completed initialization in 3 ms
2021-12-10 14:59:58,771 WARN org.springframework.web.servlet.handler.AbstractHandlerExceptionResolver [http-nio-9081-exec-3] Resolved [org.springframework.web.bind.MissingServletRequestParameterException: Required request parameter 'nombre' for method parameter type String is not present]
2021-12-10 15:00:22,785 WARN org.springframework.web.servlet.handler.AbstractHandlerExceptionResolver [http-nio-9081-exec-5] Resolved [com.ibm.academia.apirest.exceptions.NotFoundException: No se encontro Persona con nombre david y apellido ]
2021-12-10 15:00:33,048 WARN org.springframework.web.servlet.handler.AbstractHandlerExceptionResolver [http-nio-9081-exec-6] Resolved [com.ibm.academia.apirest.exceptions.NotFoundException: No se encontro Persona con nombre  y apellido ]
2021-12-10 15:00:38,446 WARN org.springframework.web.servlet.handler.AbstractHandlerExceptionResolver [http-nio-9081-exec-7] Resolved [org.springframework.web.bind.MissingServletRequestParameterException: Required request parameter 'nombre' for method parameter type String is not present]
2021-12-10 15:03:16,424 WARN org.springframework.web.servlet.handler.AbstractHandlerExceptionResolver [http-nio-9081-exec-8] Resolved [org.springframework.web.bind.MissingServletRequestParameterException: Required request parameter 'nombre' for method parameter type String is not present]
2021-12-10 15:03:19,947 WARN org.springframework.web.servlet.handler.AbstractHandlerExceptionResolver [http-nio-9081-exec-1] Resolved [org.springframework.web.bind.MissingServletRequestParameterException: Required request parameter 'nombre' for method parameter type String is not present]
2021-12-10 15:03:26,266 WARN org.springframework.web.servlet.handler.AbstractHandlerExceptionResolver [http-nio-9081-exec-3] Resolved [com.ibm.academia.apirest.exceptions.NotFoundException: No se encontro Persona con nombre david y apellido gg]
2021-12-10 15:03:35,275 WARN org.springframework.web.servlet.handler.AbstractHandlerExceptionResolver [http-nio-9081-exec-4] Resolved [org.springframework.web.bind.MissingServletRequestParameterException: Required request parameter 'apellido' for method parameter type String is not present]
2021-12-10 15:42:45,789 WARN org.springframework.web.servlet.handler.AbstractHandlerExceptionResolver [http-nio-9081-exec-5] Resolved [org.springframework.web.bind.MissingServletRequestParameterException: Required request parameter 'apellido' for method parameter type String is not present]
2021-12-10 15:42:50,887 WARN org.springframework.web.servlet.handler.AbstractHandlerExceptionResolver [http-nio-9081-exec-7] Resolved [com.ibm.academia.apirest.exceptions.NotFoundException: No se encontro Persona con nombre david y apellido gg]
2021-12-10 15:50:28,780 INFO org.springframework.boot.admin.SpringApplicationAdminMXBeanRegistrar$SpringApplicationAdmin [RMI TCP Connection(72)-127.0.0.1] Application shutdown requested.
2021-12-10 15:50:29,642 INFO org.springframework.orm.jpa.AbstractEntityManagerFactoryBean [RMI TCP Connection(72)-127.0.0.1] Closing JPA EntityManagerFactory for persistence unit 'default'
2021-12-10 15:50:29,742 INFO com.zaxxer.hikari.HikariDataSource [RMI TCP Connection(72)-127.0.0.1] HikariPool-1 - Shutdown initiated...
2021-12-10 15:50:29,791 INFO com.zaxxer.hikari.HikariDataSource [RMI TCP Connection(72)-127.0.0.1] HikariPool-1 - Shutdown completed.
