2021-12-10 11:05:47,437 INFO org.springframework.orm.jpa.AbstractEntityManagerFactoryBean [restartedMain] Initialized JPA EntityManagerFactory for persistence unit 'default'
2021-12-10 11:05:47,793 WARN org.springframework.boot.autoconfigure.orm.jpa.JpaBaseConfiguration$JpaWebConfiguration [restartedMain] spring.jpa.open-in-view is enabled by default. Therefore, database queries may be performed during view rendering. Explicitly configure spring.jpa.open-in-view to disable this warning
2021-12-10 11:05:47,899 INFO org.springframework.boot.devtools.autoconfigure.OptionalLiveReloadServer [restartedMain] LiveReload server is running on port 35729
2021-12-10 11:05:48,062 INFO org.apache.juli.logging.DirectJDKLog [restartedMain] Starting ProtocolHandler ["http-nio-9081"]
2021-12-10 11:05:48,064 INFO org.springframework.boot.web.embedded.tomcat.TomcatWebServer [restartedMain] Tomcat started on port(s): 9081 (http) with context path ''
2021-12-10 11:05:48,278 INFO org.springframework.boot.StartupInfoLogger [restartedMain] Started UniversidadesRestApplication in 2.976 seconds (JVM running for 170.775)
2021-12-10 11:05:48,335 INFO org.springframework.boot.devtools.autoconfigure.ConditionEvaluationDeltaLoggingListener [restartedMain] Condition evaluation unchanged
2021-12-10 11:06:26,885 INFO org.springframework.orm.jpa.AbstractEntityManagerFactoryBean [Thread-7] Closing JPA EntityManagerFactory for persistence unit 'default'
2021-12-10 11:06:26,888 INFO com.zaxxer.hikari.HikariDataSource [Thread-7] HikariPool-2 - Shutdown initiated...
2021-12-10 11:06:26,898 INFO com.zaxxer.hikari.HikariDataSource [Thread-7] HikariPool-2 - Shutdown completed.
2021-12-10 11:06:27,126 INFO org.springframework.boot.StartupInfoLogger [restartedMain] Starting UniversidadesRestApplication using Java 11.0.2 on DESKTOP-TF8ORK4 with PID 11804 (C:\Users\alex_\Documents\workspace-spring-tool-suite-4-4.12.1.RELEASE\UniversidadesREST\target\classes started by alex_ in C:\Users\alex_\Documents\workspace-spring-tool-suite-4-4.12.1.RELEASE\UniversidadesREST)
2021-12-10 11:06:27,127 INFO org.springframework.boot.SpringApplication [restartedMain] No active profile set, falling back to default profiles: default
2021-12-10 11:06:27,851 INFO org.springframework.data.repository.config.RepositoryConfigurationDelegate [restartedMain] Bootstrapping Spring Data JPA repositories in DEFAULT mode.
2021-12-10 11:06:27,898 INFO org.springframework.data.repository.config.RepositoryConfigurationDelegate [restartedMain] Finished Spring Data repository scanning in 46 ms. Found 4 JPA repository interfaces.
2021-12-10 11:06:28,099 INFO org.springframework.boot.web.embedded.tomcat.TomcatWebServer [restartedMain] Tomcat initialized with port(s): 9081 (http)
2021-12-10 11:06:28,100 INFO org.apache.juli.logging.DirectJDKLog [restartedMain] Initializing ProtocolHandler ["http-nio-9081"]
2021-12-10 11:06:28,101 INFO org.apache.juli.logging.DirectJDKLog [restartedMain] Starting service [Tomcat]
2021-12-10 11:06:28,101 INFO org.apache.juli.logging.DirectJDKLog [restartedMain] Starting Servlet engine: [Apache Tomcat/9.0.55]
2021-12-10 11:06:28,140 INFO org.apache.juli.logging.DirectJDKLog [restartedMain] Initializing Spring embedded WebApplicationContext
2021-12-10 11:06:28,140 INFO org.springframework.boot.web.servlet.context.ServletWebServerApplicationContext [restartedMain] Root WebApplicationContext: initialization completed in 1005 ms
2021-12-10 11:06:28,200 INFO org.hibernate.jpa.internal.util.LogHelper [restartedMain] HHH000204: Processing PersistenceUnitInfo [name: default]
2021-12-10 11:06:28,212 INFO com.zaxxer.hikari.HikariDataSource [restartedMain] HikariPool-3 - Starting...
2021-12-10 11:06:28,285 INFO com.zaxxer.hikari.HikariDataSource [restartedMain] HikariPool-3 - Start completed.
2021-12-10 11:06:28,285 INFO org.hibernate.dialect.Dialect [restartedMain] HHH000400: Using dialect: org.hibernate.dialect.PostgreSQL10Dialect
2021-12-10 11:06:28,896 INFO org.hibernate.engine.transaction.jta.platform.internal.JtaPlatformInitiator [restartedMain] HHH000490: Using JtaPlatform implementation: [org.hibernate.engine.transaction.jta.platform.internal.NoJtaPlatform]
2021-12-10 11:06:28,897 INFO org.springframework.orm.jpa.AbstractEntityManagerFactoryBean [restartedMain] Initialized JPA EntityManagerFactory for persistence unit 'default'
2021-12-10 11:06:29,576 WARN org.springframework.boot.autoconfigure.orm.jpa.JpaBaseConfiguration$JpaWebConfiguration [restartedMain] spring.jpa.open-in-view is enabled by default. Therefore, database queries may be performed during view rendering. Explicitly configure spring.jpa.open-in-view to disable this warning
2021-12-10 11:06:29,746 INFO org.springframework.boot.devtools.autoconfigure.OptionalLiveReloadServer [restartedMain] LiveReload server is running on port 35729
2021-12-10 11:06:29,868 INFO org.apache.juli.logging.DirectJDKLog [restartedMain] Starting ProtocolHandler ["http-nio-9081"]
2021-12-10 11:06:29,871 INFO org.springframework.boot.web.embedded.tomcat.TomcatWebServer [restartedMain] Tomcat started on port(s): 9081 (http) with context path ''
2021-12-10 11:06:30,172 INFO org.springframework.boot.StartupInfoLogger [restartedMain] Started UniversidadesRestApplication in 3.135 seconds (JVM running for 212.669)
2021-12-10 11:06:30,218 INFO org.springframework.boot.devtools.autoconfigure.ConditionEvaluationDeltaLoggingListener [restartedMain] Condition evaluation unchanged
2021-12-10 11:06:34,535 INFO org.springframework.boot.StartupInfoLogger [restartedMain] Starting UniversidadesRestApplication using Java 11.0.2 on DESKTOP-TF8ORK4 with PID 9800 (C:\Users\alex_\Documents\workspace-spring-tool-suite-4-4.12.1.RELEASE\UniversidadesREST\target\classes started by alex_ in C:\Users\alex_\Documents\workspace-spring-tool-suite-4-4.12.1.RELEASE\UniversidadesREST)
2021-12-10 11:06:34,542 INFO org.springframework.boot.SpringApplication [restartedMain] No active profile set, falling back to default profiles: default
2021-12-10 11:06:34,544 INFO org.hibernate.validator.internal.util.Version [background-preinit] HV000001: Hibernate Validator 6.2.0.Final
2021-12-10 11:06:34,636 INFO org.springframework.boot.logging.DeferredLog [restartedMain] Devtools property defaults active! Set 'spring.devtools.add-properties' to 'false' to disable
2021-12-10 11:06:34,637 INFO org.springframework.boot.logging.DeferredLog [restartedMain] For additional web related logging consider setting the 'logging.level.web' property to 'DEBUG'
2021-12-10 11:06:36,718 INFO org.springframework.data.repository.config.RepositoryConfigurationDelegate [restartedMain] Bootstrapping Spring Data JPA repositories in DEFAULT mode.
2021-12-10 11:06:36,853 INFO org.springframework.data.repository.config.RepositoryConfigurationDelegate [restartedMain] Finished Spring Data repository scanning in 114 ms. Found 4 JPA repository interfaces.
2021-12-10 11:06:38,209 INFO org.springframework.boot.web.embedded.tomcat.TomcatWebServer [restartedMain] Tomcat initialized with port(s): 9081 (http)
2021-12-10 11:06:38,231 INFO org.apache.juli.logging.DirectJDKLog [restartedMain] Initializing ProtocolHandler ["http-nio-9081"]
2021-12-10 11:06:38,232 INFO org.apache.juli.logging.DirectJDKLog [restartedMain] Starting service [Tomcat]
2021-12-10 11:06:38,232 INFO org.apache.juli.logging.DirectJDKLog [restartedMain] Starting Servlet engine: [Apache Tomcat/9.0.55]
2021-12-10 11:06:38,407 INFO org.apache.juli.logging.DirectJDKLog [restartedMain] Initializing Spring embedded WebApplicationContext
2021-12-10 11:06:38,410 INFO org.springframework.boot.web.servlet.context.ServletWebServerApplicationContext [restartedMain] Root WebApplicationContext: initialization completed in 3772 ms
2021-12-10 11:06:38,668 INFO org.hibernate.jpa.internal.util.LogHelper [restartedMain] HHH000204: Processing PersistenceUnitInfo [name: default]
2021-12-10 11:06:38,810 INFO org.hibernate.Version [restartedMain] HHH000412: Hibernate ORM core version 5.4.32.Final
2021-12-10 11:06:39,118 INFO org.hibernate.annotations.common.reflection.java.JavaReflectionManager [restartedMain] HCANN000001: Hibernate Commons Annotations {5.1.2.Final}
2021-12-10 11:06:39,329 INFO com.zaxxer.hikari.HikariDataSource [restartedMain] HikariPool-1 - Starting...
2021-12-10 11:06:39,718 INFO com.zaxxer.hikari.HikariDataSource [restartedMain] HikariPool-1 - Start completed.
2021-12-10 11:06:39,782 INFO org.hibernate.dialect.Dialect [restartedMain] HHH000400: Using dialect: org.hibernate.dialect.PostgreSQL10Dialect
2021-12-10 11:06:42,808 INFO org.hibernate.engine.transaction.jta.platform.internal.JtaPlatformInitiator [restartedMain] HHH000490: Using JtaPlatform implementation: [org.hibernate.engine.transaction.jta.platform.internal.NoJtaPlatform]
2021-12-10 11:06:42,831 INFO org.springframework.orm.jpa.AbstractEntityManagerFactoryBean [restartedMain] Initialized JPA EntityManagerFactory for persistence unit 'default'
2021-12-10 11:06:44,177 WARN org.springframework.boot.autoconfigure.orm.jpa.JpaBaseConfiguration$JpaWebConfiguration [restartedMain] spring.jpa.open-in-view is enabled by default. Therefore, database queries may be performed during view rendering. Explicitly configure spring.jpa.open-in-view to disable this warning
2021-12-10 11:06:44,634 WARN org.springframework.boot.devtools.autoconfigure.OptionalLiveReloadServer [restartedMain] Unable to start LiveReload server
2021-12-10 11:06:45,003 INFO org.apache.juli.logging.DirectJDKLog [restartedMain] Starting ProtocolHandler ["http-nio-9081"]
2021-12-10 11:06:45,022 WARN org.springframework.context.support.AbstractApplicationContext [restartedMain] Exception encountered during context initialization - cancelling refresh attempt: org.springframework.context.ApplicationContextException: Failed to start bean 'webServerStartStop'; nested exception is org.springframework.boot.web.server.PortInUseException: Port 9081 is already in use
2021-12-10 11:06:45,033 INFO org.springframework.orm.jpa.AbstractEntityManagerFactoryBean [restartedMain] Closing JPA EntityManagerFactory for persistence unit 'default'
2021-12-10 11:06:45,038 INFO com.zaxxer.hikari.HikariDataSource [restartedMain] HikariPool-1 - Shutdown initiated...
2021-12-10 11:06:45,050 INFO com.zaxxer.hikari.HikariDataSource [restartedMain] HikariPool-1 - Shutdown completed.
2021-12-10 11:06:45,057 INFO org.apache.juli.logging.DirectJDKLog [restartedMain] Pausing ProtocolHandler ["http-nio-9081"]
2021-12-10 11:06:45,058 INFO org.apache.juli.logging.DirectJDKLog [restartedMain] Stopping service [Tomcat]
2021-12-10 11:06:45,077 INFO org.apache.juli.logging.DirectJDKLog [restartedMain] Stopping ProtocolHandler ["http-nio-9081"]
2021-12-10 11:06:45,080 INFO org.apache.juli.logging.DirectJDKLog [restartedMain] Destroying ProtocolHandler ["http-nio-9081"]
2021-12-10 11:06:45,093 INFO org.springframework.boot.autoconfigure.logging.ConditionEvaluationReportLoggingListener [restartedMain] 

Error starting ApplicationContext. To display the conditions report re-run your application with 'debug' enabled.
2021-12-10 11:06:45,126 ERROR org.springframework.boot.diagnostics.LoggingFailureAnalysisReporter [restartedMain] 

***************************
APPLICATION FAILED TO START
***************************

Description:

Web server failed to start. Port 9081 was already in use.

Action:

Identify and stop the process that's listening on port 9081 or configure this application to listen on another port.

