2021-12-11 22:46:18,724 INFO org.springframework.orm.jpa.AbstractEntityManagerFactoryBean [Thread-7] Closing JPA EntityManagerFactory for persistence unit 'default'
2021-12-11 22:46:18,786 INFO com.zaxxer.hikari.HikariDataSource [Thread-7] HikariPool-2 - Shutdown initiated...
2021-12-11 22:46:18,828 INFO com.zaxxer.hikari.HikariDataSource [Thread-7] HikariPool-2 - Shutdown completed.
2021-12-11 22:46:19,722 INFO org.springframework.boot.StartupInfoLogger [restartedMain] Starting UniversidadesRestApplication using Java 11.0.2 on DESKTOP-TF8ORK4 with PID 11224 (C:\Users\alex_\Documents\workspace-spring-tool-suite-4-4.12.1.RELEASE\UniversidadesREST\target\classes started by alex_ in C:\Users\alex_\Documents\workspace-spring-tool-suite-4-4.12.1.RELEASE\UniversidadesREST)
2021-12-11 22:46:19,724 INFO org.springframework.boot.SpringApplication [restartedMain] No active profile set, falling back to default profiles: default
2021-12-11 22:46:22,000 INFO org.springframework.data.repository.config.RepositoryConfigurationDelegate [restartedMain] Bootstrapping Spring Data JPA repositories in DEFAULT mode.
2021-12-11 22:46:22,074 INFO org.springframework.data.repository.config.RepositoryConfigurationDelegate [restartedMain] Finished Spring Data repository scanning in 72 ms. Found 5 JPA repository interfaces.
2021-12-11 22:46:22,514 INFO org.springframework.boot.web.embedded.tomcat.TomcatWebServer [restartedMain] Tomcat initialized with port(s): 9081 (http)
2021-12-11 22:46:22,516 INFO org.apache.juli.logging.DirectJDKLog [restartedMain] Initializing ProtocolHandler ["http-nio-9081"]
2021-12-11 22:46:22,517 INFO org.apache.juli.logging.DirectJDKLog [restartedMain] Starting service [Tomcat]
2021-12-11 22:46:22,517 INFO org.apache.juli.logging.DirectJDKLog [restartedMain] Starting Servlet engine: [Apache Tomcat/9.0.55]
2021-12-11 22:46:22,569 INFO org.apache.juli.logging.DirectJDKLog [restartedMain] Initializing Spring embedded WebApplicationContext
2021-12-11 22:46:22,570 INFO org.springframework.boot.web.servlet.context.ServletWebServerApplicationContext [restartedMain] Root WebApplicationContext: initialization completed in 2827 ms
2021-12-11 22:46:22,647 INFO org.hibernate.jpa.internal.util.LogHelper [restartedMain] HHH000204: Processing PersistenceUnitInfo [name: default]
2021-12-11 22:46:22,662 INFO com.zaxxer.hikari.HikariDataSource [restartedMain] HikariPool-3 - Starting...
2021-12-11 22:46:22,763 INFO com.zaxxer.hikari.HikariDataSource [restartedMain] HikariPool-3 - Start completed.
2021-12-11 22:46:22,764 INFO org.hibernate.dialect.Dialect [restartedMain] HHH000400: Using dialect: org.hibernate.dialect.PostgreSQL10Dialect
2021-12-11 22:46:23,804 INFO org.hibernate.engine.transaction.jta.platform.internal.JtaPlatformInitiator [restartedMain] HHH000490: Using JtaPlatform implementation: [org.hibernate.engine.transaction.jta.platform.internal.NoJtaPlatform]
2021-12-11 22:46:24,146 INFO org.springframework.orm.jpa.AbstractEntityManagerFactoryBean [restartedMain] Initialized JPA EntityManagerFactory for persistence unit 'default'
2021-12-11 22:46:29,750 WARN org.springframework.boot.autoconfigure.orm.jpa.JpaBaseConfiguration$JpaWebConfiguration [restartedMain] spring.jpa.open-in-view is enabled by default. Therefore, database queries may be performed during view rendering. Explicitly configure spring.jpa.open-in-view to disable this warning
2021-12-11 22:46:29,902 INFO org.springframework.boot.devtools.autoconfigure.OptionalLiveReloadServer [restartedMain] LiveReload server is running on port 35729
2021-12-11 22:46:30,043 INFO org.apache.juli.logging.DirectJDKLog [restartedMain] Starting ProtocolHandler ["http-nio-9081"]
2021-12-11 22:46:30,051 INFO org.springframework.boot.web.embedded.tomcat.TomcatWebServer [restartedMain] Tomcat started on port(s): 9081 (http) with context path ''
2021-12-11 22:46:30,365 ERROR springfox.documentation.spring.web.plugins.AbstractDocumentationPluginsBootstrapper [restartedMain] Unable to scan documentation context default
java.lang.IllegalStateException: Ambiguous models equality when conditions is empty.
	at springfox.documentation.spring.web.scanners.ApiModelReader.checkCondition(ApiModelReader.java:618)
	at springfox.documentation.spring.web.scanners.ApiModelReader.mergeConditions(ApiModelReader.java:385)
	at springfox.documentation.spring.web.scanners.ApiModelReader.mergeModelBranch(ApiModelReader.java:255)
	at springfox.documentation.spring.web.scanners.ApiModelReader.lambda$mergeModelBranch$6(ApiModelReader.java:197)
	at java.base/java.util.Optional.orElseGet(Optional.java:369)
	at springfox.documentation.spring.web.scanners.ApiModelReader.mergeModelBranch(ApiModelReader.java:197)
	at springfox.documentation.spring.web.scanners.ApiModelReader.lambda$mergeModelBranch$6(ApiModelReader.java:197)
	at java.base/java.util.Optional.orElseGet(Optional.java:369)
	at springfox.documentation.spring.web.scanners.ApiModelReader.mergeModelBranch(ApiModelReader.java:197)
	at springfox.documentation.spring.web.scanners.ApiModelReader.lambda$read$2(ApiModelReader.java:145)
	at java.base/java.util.stream.ForEachOps$ForEachOp$OfRef.accept(ForEachOps.java:183)
	at java.base/java.util.stream.ReferencePipeline$2$1.accept(ReferencePipeline.java:177)
	at java.base/java.util.ArrayList$ArrayListSpliterator.forEachRemaining(ArrayList.java:1654)
	at java.base/java.util.stream.AbstractPipeline.copyInto(AbstractPipeline.java:484)
	at java.base/java.util.stream.AbstractPipeline.wrapAndCopyInto(AbstractPipeline.java:474)
	at java.base/java.util.stream.ForEachOps$ForEachOp.evaluateSequential(ForEachOps.java:150)
	at java.base/java.util.stream.ForEachOps$ForEachOp$OfRef.evaluateSequential(ForEachOps.java:173)
	at java.base/java.util.stream.AbstractPipeline.evaluate(AbstractPipeline.java:234)
	at java.base/java.util.stream.ReferencePipeline.forEach(ReferencePipeline.java:497)
	at springfox.documentation.spring.web.scanners.ApiModelReader.read(ApiModelReader.java:145)
	at springfox.documentation.spring.web.scanners.ApiListingScanner.scan(ApiListingScanner.java:154)
	at springfox.documentation.spring.web.scanners.ApiDocumentationScanner.scan(ApiDocumentationScanner.java:67)
	at springfox.documentation.spring.web.plugins.AbstractDocumentationPluginsBootstrapper.scanDocumentation(AbstractDocumentationPluginsBootstrapper.java:96)
	at springfox.documentation.spring.web.plugins.AbstractDocumentationPluginsBootstrapper.bootstrapDocumentationPlugins(AbstractDocumentationPluginsBootstrapper.java:82)
	at springfox.documentation.spring.web.plugins.DocumentationPluginsBootstrapper.start(DocumentationPluginsBootstrapper.java:100)
	at org.springframework.context.support.DefaultLifecycleProcessor.doStart(DefaultLifecycleProcessor.java:178)
	at org.springframework.context.support.DefaultLifecycleProcessor.access$200(DefaultLifecycleProcessor.java:54)
	at org.springframework.context.support.DefaultLifecycleProcessor$LifecycleGroup.start(DefaultLifecycleProcessor.java:356)
	at java.base/java.lang.Iterable.forEach(Iterable.java:75)
	at org.springframework.context.support.DefaultLifecycleProcessor.startBeans(DefaultLifecycleProcessor.java:155)
	at org.springframework.context.support.DefaultLifecycleProcessor.onRefresh(DefaultLifecycleProcessor.java:123)
	at org.springframework.context.support.AbstractApplicationContext.finishRefresh(AbstractApplicationContext.java:935)
	at org.springframework.context.support.AbstractApplicationContext.refresh(AbstractApplicationContext.java:586)
	at org.springframework.boot.web.servlet.context.ServletWebServerApplicationContext.refresh(ServletWebServerApplicationContext.java:145)
	at org.springframework.boot.SpringApplication.refresh(SpringApplication.java:765)
	at org.springframework.boot.SpringApplication.refreshContext(SpringApplication.java:445)
	at org.springframework.boot.SpringApplication.run(SpringApplication.java:338)
	at org.springframework.boot.SpringApplication.run(SpringApplication.java:1354)
	at org.springframework.boot.SpringApplication.run(SpringApplication.java:1343)
	at com.ibm.academia.apirest.UniversidadesRestApplication.main(UniversidadesRestApplication.java:11)
	at java.base/jdk.internal.reflect.NativeMethodAccessorImpl.invoke0(Native Method)
	at java.base/jdk.internal.reflect.NativeMethodAccessorImpl.invoke(NativeMethodAccessorImpl.java:62)
	at java.base/jdk.internal.reflect.DelegatingMethodAccessorImpl.invoke(DelegatingMethodAccessorImpl.java:43)
	at java.base/java.lang.reflect.Method.invoke(Method.java:566)
	at org.springframework.boot.devtools.restart.RestartLauncher.run(RestartLauncher.java:49)
